app/build/intermediates/manifest_merge_blame_file/release/manifest-merger-blame-release-report.txt
1<?xml version="1.0" encoding="utf-8"?>
2<manifest xmlns:android="http://schemas.android.com/apk/res/android"
3    package="rebus.llc.parvoz"
4    android:versionCode="1"
5    android:versionName="1.0.0" >
6
7    <uses-sdk
8        android:minSdkVersion="17"
8-->src/main/AndroidManifest.xml
9        android:targetSdkVersion="29" />
9-->src/main/AndroidManifest.xml
10
11    <!-- To auto-complete the email text field in the login form with the user's emails -->
12    <uses-permission android:name="android.permission.ACCESS_NETWORK_STATE" />
12-->src/main/AndroidManifest.xml:6:5-79
12-->src/main/AndroidManifest.xml:6:22-76
13    <uses-permission android:name="android.permission.CHANGE_NETWORK_STATE" />
13-->src/main/AndroidManifest.xml:7:5-79
13-->src/main/AndroidManifest.xml:7:22-76
14    <uses-permission android:name="android.permission.INTERNET" />
14-->src/main/AndroidManifest.xml:8:5-67
14-->src/main/AndroidManifest.xml:8:22-64
15    <uses-permission android:name="android.permission.GET_ACCOUNTS" />
15-->src/main/AndroidManifest.xml:9:5-71
15-->src/main/AndroidManifest.xml:9:22-68
16    <uses-permission android:name="android.permission.READ_PROFILE" />
16-->src/main/AndroidManifest.xml:10:5-71
16-->src/main/AndroidManifest.xml:10:22-68
17    <uses-permission android:name="android.permission.READ_CONTACTS" />
17-->src/main/AndroidManifest.xml:11:5-72
17-->src/main/AndroidManifest.xml:11:22-69
18    <uses-permission android:name="android.permission.WRITE_EXTERNAL_STORAGE" />
18-->src/main/AndroidManifest.xml:12:5-81
18-->src/main/AndroidManifest.xml:12:22-78
19    <uses-permission android:name="android.permission.READ_EXTERNAL_STORAGE" />
19-->src/main/AndroidManifest.xml:13:5-80
19-->src/main/AndroidManifest.xml:13:22-77
20    <uses-permission android:name="android.permission.CAMERA" />
20-->src/main/AndroidManifest.xml:14:5-65
20-->src/main/AndroidManifest.xml:14:22-62
21    <uses-permission android:name="android.permission.CALL_PHONE" />
21-->src/main/AndroidManifest.xml:15:5-69
21-->src/main/AndroidManifest.xml:15:22-66
22    <uses-permission android:name="android.permission.ACCESS_WIFI_STATE" />
22-->src/main/AndroidManifest.xml:16:5-76
22-->src/main/AndroidManifest.xml:16:22-73
23
24    <application
24-->src/main/AndroidManifest.xml:19:5-77:19
25        android:name="rebus.llc.parvoz.Parvoz"
25-->src/main/AndroidManifest.xml:20:9-47
26        android:allowBackup="true"
26-->src/main/AndroidManifest.xml:21:9-35
27        android:appComponentFactory="android.support.v4.app.CoreComponentFactory"
27-->[com.android.support:support-compat:28.0.0] AndroidManifest.xml:22:18-91
28        android:icon="@mipmap/ic_launcher"
28-->src/main/AndroidManifest.xml:22:9-43
29        android:label="@string/app_name"
29-->src/main/AndroidManifest.xml:23:9-41
30        android:roundIcon="@mipmap/ic_launcher_round"
30-->src/main/AndroidManifest.xml:24:9-54
31        android:supportsRtl="true"
31-->src/main/AndroidManifest.xml:25:9-35
32        android:theme="@style/AppTheme"
32-->src/main/AndroidManifest.xml:27:9-40
33        android:usesCleartextTraffic="true" >
33-->src/main/AndroidManifest.xml:26:9-44
34        <activity
34-->src/main/AndroidManifest.xml:28:9-33:59
35            android:name="rebus.llc.parvoz.MainActivity"
35-->src/main/AndroidManifest.xml:29:13-57
36            android:label="@string/app_name"
36-->src/main/AndroidManifest.xml:30:13-45
37            android:screenOrientation="portrait"
37-->src/main/AndroidManifest.xml:31:13-49
38            android:theme="@style/AppTheme.NoActionBar" />
38-->src/main/AndroidManifest.xml:33:13-56
39        <activity
39-->src/main/AndroidManifest.xml:34:9-44:20
40            android:name="rebus.llc.parvoz.SplashAvtivity"
40-->src/main/AndroidManifest.xml:35:13-59
41            android:screenOrientation="portrait"
41-->src/main/AndroidManifest.xml:36:13-49
42            android:theme="@style/AppTheme.NoActionBar" >
42-->src/main/AndroidManifest.xml:38:13-56
43            <intent-filter>
43-->src/main/AndroidManifest.xml:39:13-43:29
44                <action android:name="android.intent.action.MAIN" />
44-->src/main/AndroidManifest.xml:40:17-69
44-->src/main/AndroidManifest.xml:40:25-66
45
46                <category android:name="android.intent.category.LAUNCHER" />
46-->src/main/AndroidManifest.xml:42:17-77
46-->src/main/AndroidManifest.xml:42:27-74
47            </intent-filter>
48        </activity>
49        <activity
49-->src/main/AndroidManifest.xml:45:9-48:60
50            android:name="rebus.llc.parvoz.LoginActivity"
50-->src/main/AndroidManifest.xml:47:13-58
51            android:label="@string/title_activity_login"
51-->src/main/AndroidManifest.xml:48:13-57
52            android:screenOrientation="portrait" />
52-->src/main/AndroidManifest.xml:46:13-49
53        <activity
53-->src/main/AndroidManifest.xml:49:9-51:15
54            android:name="rebus.llc.parvoz.SignUpActivity"
54-->src/main/AndroidManifest.xml:49:19-65
55            android:screenOrientation="portrait" />
55-->src/main/AndroidManifest.xml:50:13-49
56        <activity
56-->src/main/AndroidManifest.xml:52:9-54:60
57            android:name="rebus.llc.parvoz.TicketForm"
57-->src/main/AndroidManifest.xml:52:19-61
58            android:label="@string/title_activity_form"
58-->src/main/AndroidManifest.xml:54:13-56
59            android:screenOrientation="portrait" />
59-->src/main/AndroidManifest.xml:53:13-49
60
61        <provider
61-->src/main/AndroidManifest.xml:56:9-64:20
62            android:name="rebus.llc.parvoz.others.GenericFileProvider"
62-->src/main/AndroidManifest.xml:57:13-71
63            android:authorities="$rebus.llc.parvoz.fileprovider"
63-->src/main/AndroidManifest.xml:58:13-65
64            android:exported="false"
64-->src/main/AndroidManifest.xml:59:13-37
65            android:grantUriPermissions="true" >
65-->src/main/AndroidManifest.xml:60:13-47
66            <meta-data
66-->src/main/AndroidManifest.xml:61:13-63:58
67                android:name="android.support.FILE_PROVIDER_PATHS"
67-->src/main/AndroidManifest.xml:62:17-67
68                android:resource="@xml/provider_paths" />
68-->src/main/AndroidManifest.xml:63:17-55
69        </provider>
70
71        <activity
71-->src/main/AndroidManifest.xml:66:9-67:51
72            android:name="rebus.llc.parvoz.CallBackActivity"
72-->src/main/AndroidManifest.xml:66:19-67
73            android:screenOrientation="portrait" />
73-->src/main/AndroidManifest.xml:67:13-49
74        <activity android:name="rebus.llc.parvoz.MyTicketsActivity" />
74-->src/main/AndroidManifest.xml:68:9-71
74-->src/main/AndroidManifest.xml:68:19-68
75        <activity
75-->src/main/AndroidManifest.xml:69:9-70:61
76            android:name="rebus.llc.parvoz.ProfileActivity"
76-->src/main/AndroidManifest.xml:69:19-66
77            android:screenOrientation="portrait" />
77-->src/main/AndroidManifest.xml:70:13-49
78
79        <uses-library
79-->src/main/AndroidManifest.xml:72:9-87
80            android:name="org.apache.http.legacy"
80-->src/main/AndroidManifest.xml:72:23-60
81            android:required="false" />
81-->src/main/AndroidManifest.xml:72:61-85
82
83        <service
83-->src/main/AndroidManifest.xml:73:9-76:39
84            android:name="rebus.llc.parvoz.MyServiceNotif"
84-->src/main/AndroidManifest.xml:74:13-59
85            android:enabled="true"
85-->src/main/AndroidManifest.xml:75:13-35
86            android:exported="true" />
86-->src/main/AndroidManifest.xml:76:13-36
87
88        <activity
88-->[com.karumi:dexter:5.0.0] AndroidManifest.xml:27:9-29:72
89            android:name="com.karumi.dexter.DexterActivity"
89-->[com.karumi:dexter:5.0.0] AndroidManifest.xml:28:13-60
90            android:theme="@style/Dexter.Internal.Theme.Transparent" />
90-->[com.karumi:dexter:5.0.0] AndroidManifest.xml:29:13-69
91    </application>
92
93</manifest>